[2023-03-09 13:01:51] local.ERROR: file_put_contents(/Applications/XAMPP/xamppfiles/htdocs/dasuns_dev/storage/framework/views/66034c86d5ad9d3baac844b56afe9582ac2fcc76.php): Failed to open stream: Permission denied {"userId":10,"exception":"[object] (ErrorException(code: 0): file_put_contents(/Applications/XAMPP/xamppfiles/htdocs/dasuns_dev/storage/framework/views/66034c86d5ad9d3baac844b56afe9582ac2fcc76.php): Failed to open stream: Permission denied at /Applications/XAMPP/xamppfiles/htdocs/dasuns_dev/vendor/laravel/framework/src/Illuminate/Filesystem/Filesystem.php:187)
[stacktrace]
#0 [internal function]: Illuminate\\Foundation\\Bootstrap\\HandleExceptions->handleError(2, 'file_put_conten...', '/Applications/X...', 187)
#1 /Applications/XAMPP/xamppfiles/htdocs/dasuns_dev/vendor/laravel/framework/src/Illuminate/Filesystem/Filesystem.php(187): file_put_contents('/Applications/X...', '<!DOCTYPE html>...', 0)
#2 /Applications/XAMPP/xamppfiles/htdocs/dasuns_dev/vendor/laravel/framework/src/Illuminate/View/Compilers/BladeCompiler.php(169): Illuminate\\Filesystem\\Filesystem->put('/Applications/X...', '<!DOCTYPE html>...')
#3 /Applications/XAMPP/xamppfiles/htdocs/dasuns_dev/vendor/laravel/framework/src/Illuminate/View/Engines/CompilerEngine.php(55): Illuminate\\View\\Compilers\\BladeCompiler->compile('/Applications/X...')
#4 /Applications/XAMPP/xamppfiles/htdocs/dasuns_dev/vendor/facade/ignition/src/Views/Engines/CompilerEngine.php(37): Illuminate\\View\\Engines\\CompilerEngine->get('/Applications/X...', Array)
#5 /Applications/XAMPP/xamppfiles/htdocs/dasuns_dev/vendor/laravel/framework/src/Illuminate/View/View.php(139): Facade\\Ignition\\Views\\Engines\\CompilerEngine->get('/Applications/X...', Array)
#6 /Applications/XAMPP/xamppfiles/htdocs/dasuns_dev/vendor/laravel/framework/src/Illuminate/View/View.php(122): Illuminate\\View\\View->getContents()
#7 /Applications/XAMPP/xamppfiles/htdocs/dasuns_dev/vendor/laravel/framework/src/Illuminate/View/View.php(91): Illuminate\\View\\View->renderContents()
#8 /Applications/XAMPP/xamppfiles/htdocs/dasuns_dev/vendor/laravel/framework/src/Illuminate/Http/Response.php(69): Illuminate\\View\\View->render()
#9 /Applications/XAMPP/xamppfiles/htdocs/dasuns_dev/vendor/laravel/framework/src/Illuminate/Http/Response.php(35): Illuminate\\Http\\Response->setContent(Object(Illuminate\\View\\View))
#10 /Applications/XAMPP/xamppfiles/htdocs/dasuns_dev/vendor/laravel/framework/src/Illuminate/Routing/ResponseFactory.php(55): Illuminate\\Http\\Response->__construct(Object(Illuminate\\View\\View), 200, Array)
#11 /Applications/XAMPP/xamppfiles/htdocs/dasuns_dev/vendor/laravel/framework/src/Illuminate/Routing/ResponseFactory.php(85): Illuminate\\Routing\\ResponseFactory->make(Object(Illuminate\\View\\View), 200, Array)
#12 /Applications/XAMPP/xamppfiles/htdocs/dasuns_dev/vendor/laravel/framework/src/Illuminate/Support/Facades/Facade.php(261): Illuminate\\Routing\\ResponseFactory->view('app', Array)
#13 /Applications/XAMPP/xamppfiles/htdocs/dasuns_dev/vendor/inertiajs/inertia-laravel/src/Response.php(103): Illuminate\\Support\\Facades\\Facade::__callStatic('view', Array)
#14 /Applications/XAMPP/xamppfiles/htdocs/dasuns_dev/vendor/laravel/framework/src/Illuminate/Routing/Router.php(802): Inertia\\Response->toResponse(Object(Illuminate\\Http\\Request))
#15 /Applications/XAMPP/xamppfiles/htdocs/dasuns_dev/vendor/laravel/framework/src/Illuminate/Routing/Router.php(789): Illuminate\\Routing\\Router::toResponse(Object(Illuminate\\Http\\Request), Object(Inertia\\Response))
#16 /Applications/XAMPP/xamppfiles/htdocs/dasuns_dev/vendor/laravel/framework/src/Illuminate/Routing/Router.php(721): Illuminate\\Routing\\Router->prepareResponse(Object(Illuminate\\Http\\Request), Object(Inertia\\Response))
#17 /Applications/XAMPP/xamppfiles/htdocs/dasuns_dev/vendor/laravel/framework/src/Illuminate/Pipeline/Pipeline.php(128): Illuminate\\Routing\\Router->Illuminate\\Routing\\{closure}(Object(Illuminate\\Http\\Request))
#18 /Applications/XAMPP/xamppfiles/htdocs/dasuns_dev/vendor/laravel/framework/src/Illuminate/Auth/Middleware/EnsureEmailIsVerified.php(30): Illuminate\\Pipeline\\Pipeline->Illuminate\\Pipeline\\{closure}(Object(Illuminate\\Http\\Request))
#19 /Applications/XAMPP/xamppfiles/htdocs/dasuns_dev/vendor/laravel/framework/src/Illuminate/Pipeline/Pipeline.php(167): Illuminate\\Auth\\Middleware\\EnsureEmailIsVerified->handle(Object(Illuminate\\Http\\Request), Object(Closure))
#20 /Applications/XAMPP/xamppfiles/htdocs/dasuns_dev/vendor/inertiajs/inertia-laravel/src/Middleware.php(82): Illuminate\\Pipeline\\Pipeline->Illuminate\\Pipeline\\{closure}(Object(Illuminate\\Http\\Request))
#21 /Applications/XAMPP/xamppfiles/htdocs/dasuns_dev/vendor/laravel/framework/src/Illuminate/Pipeline/Pipeline.php(167): Inertia\\Middleware->handle(Object(Illuminate\\Http\\Request), Object(Closure))
#22 /Applications/XAMPP/xamppfiles/htdocs/dasuns_dev/vendor/laravel/jetstream/src/Http/Middleware/ShareInertiaData.php(61): Illuminate\\Pipeline\\Pipeline->Illuminate\\Pipeline\\{closure}(Object(Illuminate\\Http\\Request))
#23 /Applications/XAMPP/xamppfiles/htdocs/dasuns_dev/vendor/laravel/framework/src/Illuminate/Pipeline/Pipeline.php(167): Laravel\\Jetstream\\Http\\Middleware\\ShareInertiaData->handle(Object(Illuminate\\Http\\Request), Object(Closure))
#24 /Applications/XAMPP/xamppfiles/htdocs/dasuns_dev/vendor/laravel/framework/src/Illuminate/Routing/Middleware/SubstituteBindings.php(50): Illuminate\\Pipeline\\Pipeline->Illuminate\\Pipeline\\{closure}(Object(Illuminate\\Http\\Request))
#25 /Applications/XAMPP/xamppfiles/htdocs/dasuns_dev/vendor/laravel/framework/src/Illuminate/Pipeline/Pipeline.php(167): Illuminate\\Routing\\Middleware\\SubstituteBindings->handle(Object(Illuminate\\Http\\Request), Object(Closure))
#26 /Applications/XAMPP/xamppfiles/htdocs/dasuns_dev/vendor/laravel/framework/src/Illuminate/Auth/Middleware/Authenticate.php(44): Illuminate\\Pipeline\\Pipeline->Illuminate\\Pipeline\\{closure}(Object(Illuminate\\Http\\Request))
#27 /Applications/XAMPP/xamppfiles/htdocs/dasuns_dev/vendor/laravel/framework/src/Illuminate/Pipeline/Pipeline.php(167): Illuminate\\Auth\\Middleware\\Authenticate->handle(Object(Illuminate\\Http\\Request), Object(Closure), 'sanctum')
#28 /Applications/XAMPP/xamppfiles/htdocs/dasuns_dev/vendor/laravel/framework/src/Illuminate/Foundation/Http/Middleware/VerifyCsrfToken.php(78): Illuminate\\Pipeline\\Pipeline->Illuminate\\Pipeline\\{closure}(Object(Illuminate\\Http\\Request))
#29 /Applications/XAMPP/xamppfiles/htdocs/dasuns_dev/vendor/laravel/framework/src/Illuminate/Pipeline/Pipeline.php(167): Illuminate\\Foundation\\Http\\Middleware\\VerifyCsrfToken->handle(Object(Illuminate\\Http\\Request), Object(Closure))
#30 /Applications/XAMPP/xamppfiles/htdocs/dasuns_dev/vendor/laravel/framework/src/Illuminate/View/Middleware/ShareErrorsFromSession.php(49): Illuminate\\Pipeline\\Pipeline->Illuminate\\Pipeline\\{closure}(Object(Illuminate\\Http\\Request))
#31 /Applications/XAMPP/xamppfiles/htdocs/dasuns_dev/vendor/laravel/framework/src/Illuminate/Pipeline/Pipeline.php(167): Illuminate\\View\\Middleware\\ShareErrorsFromSession->handle(Object(Illuminate\\Http\\Request), Object(Closure))
#32 /Applications/XAMPP/xamppfiles/htdocs/dasuns_dev/vendor/laravel/framework/src/Illuminate/Session/Middleware/AuthenticateSession.php(58): Illuminate\\Pipeline\\Pipeline->Illuminate\\Pipeline\\{closure}(Object(Illuminate\\Http\\Request))
#33 /Applications/XAMPP/xamppfiles/htdocs/dasuns_dev/vendor/laravel/framework/src/Illuminate/Pipeline/Pipeline.php(167): Illuminate\\Session\\Middleware\\AuthenticateSession->handle(Object(Illuminate\\Http\\Request), Object(Closure))
#34 /Applications/XAMPP/xamppfiles/htdocs/dasuns_dev/vendor/laravel/framework/src/Illuminate/Session/Middleware/StartSession.php(121): Illuminate\\Pipeline\\Pipeline->Illuminate\\Pipeline\\{closure}(Object(Illuminate\\Http\\Request))
#35 /Applications/XAMPP/xamppfiles/htdocs/dasuns_dev/vendor/laravel/framework/src/Illuminate/Session/Middleware/StartSession.php(64): Illuminate\\Session\\Middleware\\StartSession->handleStatefulRequest(Object(Illuminate\\Http\\Request), Object(Illuminate\\Session\\Store), Object(Closure))
#36 /Applications/XAMPP/xamppfiles/htdocs/dasuns_dev/vendor/laravel/framework/src/Illuminate/Pipeline/Pipeline.php(167): Illuminate\\Session\\Middleware\\StartSession->handle(Object(Illuminate\\Http\\Request), Object(Closure))
#37 /Applications/XAMPP/xamppfiles/htdocs/dasuns_dev/vendor/laravel/framework/src/Illuminate/Cookie/Middleware/AddQueuedCookiesToResponse.php(37): Illuminate\\Pipeline\\Pipeline->Illuminate\\Pipeline\\{closure}(Object(Illuminate\\Http\\Request))
#38 /Applications/XAMPP/xamppfiles/htdocs/dasuns_dev/vendor/laravel/framework/src/Illuminate/Pipeline/Pipeline.php(167): Illuminate\\Cookie\\Middleware\\AddQueuedCookiesToResponse->handle(Object(Illuminate\\Http\\Request), Object(Closure))
#39 /Applications/XAMPP/xamppfiles/htdocs/dasuns_dev/vendor/laravel/framework/src/Illuminate/Cookie/Middleware/EncryptCookies.php(67): Illuminate\\Pipeline\\Pipeline->Illuminate\\Pipeline\\{closure}(Object(Illuminate\\Http\\Request))
#40 /Applications/XAMPP/xamppfiles/htdocs/dasuns_dev/vendor/laravel/framework/src/Illuminate/Pipeline/Pipeline.php(167): Illuminate\\Cookie\\Middleware\\EncryptCookies->handle(Object(Illuminate\\Http\\Request), Object(Closure))
#41 /Applications/XAMPP/xamppfiles/htdocs/dasuns_dev/vendor/laravel/framework/src/Illuminate/Pipeline/Pipeline.php(103): Illuminate\\Pipeline\\Pipeline->Illuminate\\Pipeline\\{closure}(Object(Illuminate\\Http\\Request))
#42 /Applications/XAMPP/xamppfiles/htdocs/dasuns_dev/vendor/laravel/framework/src/Illuminate/Routing/Router.php(723): Illuminate\\Pipeline\\Pipeline->then(Object(Closure))
#43 /Applications/XAMPP/xamppfiles/htdocs/dasuns_dev/vendor/laravel/framework/src/Illuminate/Routing/Router.php(698): Illuminate\\Routing\\Router->runRouteWithinStack(Object(Illuminate\\Routing\\Route), Object(Illuminate\\Http\\Request))
#44 /Applications/XAMPP/xamppfiles/htdocs/dasuns_dev/vendor/laravel/framework/src/Illuminate/Routing/Router.php(662): Illuminate\\Routing\\Router->runRoute(Object(Illuminate\\Http\\Request), Object(Illuminate\\Routing\\Route))
#45 /Applications/XAMPP/xamppfiles/htdocs/dasuns_dev/vendor/laravel/framework/src/Illuminate/Routing/Router.php(651): Illuminate\\Routing\\Router->dispatchToRoute(Object(Illuminate\\Http\\Request))
#46 /Applications/XAMPP/xamppfiles/htdocs/dasuns_dev/vendor/laravel/framework/src/Illuminate/Foundation/Http/Kernel.php(167): Illuminate\\Routing\\Router->dispatch(Object(Illuminate\\Http\\Request))
#47 /Applications/XAMPP/xamppfiles/htdocs/dasuns_dev/vendor/laravel/framework/src/Illuminate/Pipeline/Pipeline.php(128): Illuminate\\Foundation\\Http\\Kernel->Illuminate\\Foundation\\Http\\{closure}(Object(Illuminate\\Http\\Request))
#48 /Applications/XAMPP/xamppfiles/htdocs/dasuns_dev/vendor/laravel/framework/src/Illuminate/Foundation/Http/Middleware/TransformsRequest.php(21): Illuminate\\Pipeline\\Pipeline->Illuminate\\Pipeline\\{closure}(Object(Illuminate\\Http\\Request))
#49 /Applications/XAMPP/xamppfiles/htdocs/dasuns_dev/vendor/laravel/framework/src/Illuminate/Foundation/Http/Middleware/ConvertEmptyStringsToNull.php(31): Illuminate\\Foundation\\Http\\Middleware\\TransformsRequest->handle(Object(Illuminate\\Http\\Request), Object(Closure))
#50 /Applications/XAMPP/xamppfiles/htdocs/dasuns_dev/vendor/laravel/framework/src/Illuminate/Pipeline/Pipeline.php(167): Illuminate\\Foundation\\Http\\Middleware\\ConvertEmptyStringsToNull->handle(Object(Illuminate\\Http\\Request), Object(Closure))
#51 /Applications/XAMPP/xamppfiles/htdocs/dasuns_dev/vendor/laravel/framework/src/Illuminate/Foundation/Http/Middleware/TransformsRequest.php(21): Illuminate\\Pipeline\\Pipeline->Illuminate\\Pipeline\\{closure}(Object(Illuminate\\Http\\Request))
#52 /Applications/XAMPP/xamppfiles/htdocs/dasuns_dev/vendor/laravel/framework/src/Illuminate/Foundation/Http/Middleware/TrimStrings.php(40): Illuminate\\Foundation\\Http\\Middleware\\TransformsRequest->handle(Object(Illuminate\\Http\\Request), Object(Closure))
#53 /Applications/XAMPP/xamppfiles/htdocs/dasuns_dev/vendor/laravel/framework/src/Illuminate/Pipeline/Pipeline.php(167): Illuminate\\Foundation\\Http\\Middleware\\TrimStrings->handle(Object(Illuminate\\Http\\Request), Object(Closure))
#54 /Applications/XAMPP/xamppfiles/htdocs/dasuns_dev/vendor/laravel/framework/src/Illuminate/Foundation/Http/Middleware/ValidatePostSize.php(27): Illuminate\\Pipeline\\Pipeline->Illuminate\\Pipeline\\{closure}(Object(Illuminate\\Http\\Request))
#55 /Applications/XAMPP/xamppfiles/htdocs/dasuns_dev/vendor/laravel/framework/src/Illuminate/Pipeline/Pipeline.php(167): Illuminate\\Foundation\\Http\\Middleware\\ValidatePostSize->handle(Object(Illuminate\\Http\\Request), Object(Closure))
#56 /Applications/XAMPP/xamppfiles/htdocs/dasuns_dev/vendor/laravel/framework/src/Illuminate/Foundation/Http/Middleware/PreventRequestsDuringMaintenance.php(86): Illuminate\\Pipeline\\Pipeline->Illuminate\\Pipeline\\{closure}(Object(Illuminate\\Http\\Request))
#57 /Applications/XAMPP/xamppfiles/htdocs/dasuns_dev/vendor/laravel/framework/src/Illuminate/Pipeline/Pipeline.php(167): Illuminate\\Foundation\\Http\\Middleware\\PreventRequestsDuringMaintenance->handle(Object(Illuminate\\Http\\Request), Object(Closure))
#58 /Applications/XAMPP/xamppfiles/htdocs/dasuns_dev/vendor/fruitcake/laravel-cors/src/HandleCors.php(38): Illuminate\\Pipeline\\Pipeline->Illuminate\\Pipeline\\{closure}(Object(Illuminate\\Http\\Request))
#59 /Applications/XAMPP/xamppfiles/htdocs/dasuns_dev/vendor/laravel/framework/src/Illuminate/Pipeline/Pipeline.php(167): Fruitcake\\Cors\\HandleCors->handle(Object(Illuminate\\Http\\Request), Object(Closure))
#60 /Applications/XAMPP/xamppfiles/htdocs/dasuns_dev/vendor/laravel/framework/src/Illuminate/Http/Middleware/TrustProxies.php(39): Illuminate\\Pipeline\\Pipeline->Illuminate\\Pipeline\\{closure}(Object(Illuminate\\Http\\Request))
#61 /Applications/XAMPP/xamppfiles/htdocs/dasuns_dev/vendor/laravel/framework/src/Illuminate/Pipeline/Pipeline.php(167): Illuminate\\Http\\Middleware\\TrustProxies->handle(Object(Illuminate\\Http\\Request), Object(Closure))
#62 /Applications/XAMPP/xamppfiles/htdocs/dasuns_dev/vendor/laravel/framework/src/Illuminate/Pipeline/Pipeline.php(103): Illuminate\\Pipeline\\Pipeline->Illuminate\\Pipeline\\{closure}(Object(Illuminate\\Http\\Request))
#63 /Applications/XAMPP/xamppfiles/htdocs/dasuns_dev/vendor/laravel/framework/src/Illuminate/Foundation/Http/Kernel.php(142): Illuminate\\Pipeline\\Pipeline->then(Object(Closure))
#64 /Applications/XAMPP/xamppfiles/htdocs/dasuns_dev/vendor/laravel/framework/src/Illuminate/Foundation/Http/Kernel.php(111): Illuminate\\Foundation\\Http\\Kernel->sendRequestThroughRouter(Object(Illuminate\\Http\\Request))
#65 /Applications/XAMPP/xamppfiles/htdocs/dasuns_dev/public/index.php(52): Illuminate\\Foundation\\Http\\Kernel->handle(Object(Illuminate\\Http\\Request))
#66 /Applications/XAMPP/xamppfiles/htdocs/dasuns_dev/index.php(21): require_once('/Applications/X...')
#67 {main}
"} 
[2023-03-09 13:04:36] local.ERROR: During class fetch: Uncaught ErrorException: include(/Applications/XAMPP/xamppfiles/htdocs/dasuns_dev/vendor/composer/../laravel/sail/src/Console/Concerns/InteractsWithDockerComposeServices.php): Failed to open stream: No such file or directory in /Applications/XAMPP/xamppfiles/htdocs/dasuns_dev/vendor/composer/ClassLoader.php:578
Stack trace:
#0 /Applications/XAMPP/xamppfiles/htdocs/dasuns_dev/vendor/composer/ClassLoader.php(578): Illuminate\Foundation\Bootstrap\HandleExceptions->handleError(2, 'include(/Applic...', '/Applications/X...', 578)
#1 /Applications/XAMPP/xamppfiles/htdocs/dasuns_dev/vendor/composer/ClassLoader.php(578): include()
#2 /Applications/XAMPP/xamppfiles/htdocs/dasuns_dev/vendor/composer/ClassLoader.php(432): Composer\Autoload\ClassLoader::Composer\Autoload\{closure}('/Applications/X...')
#3 /Applications/XAMPP/xamppfiles/htdocs/dasuns_dev/vendor/laravel/sail/src/Console/InstallCommand.php(9): Composer\Autoload\ClassLoader->loadClass('Laravel\\Sail\\Co...')
#4 /Applications/XAMPP/xamppfiles/htdocs/dasuns_dev/vendor/composer/ClassLoader.php(578): include('/Applications/X...')
#5 /Applications/XAMPP/xamppfiles/htdocs/dasuns_dev/vendor/composer/ClassLoader.php(432): Composer\Autoload\ClassLoader::Composer\Autoload\{closure}('/Applications/X...')
#6 [internal function]: Composer\Autoload\ClassLoader->loadClass('Laravel\\Sail\\Co...')
#7 /Applications/XAMPP/xamppfiles/htdocs/dasuns_dev/vendor/laravel/framework/src/Illuminate/Container/Container.php(877): ReflectionClass->__construct('Laravel\\Sail\\Co...')
#8 /Applications/XAMPP/xamppfiles/htdocs/dasuns_dev/vendor/laravel/framework/src/Illuminate/Container/Container.php(758): Illuminate\Container\Container->build('Laravel\\Sail\\Co...')
#9 /Applications/XAMPP/xamppfiles/htdocs/dasuns_dev/vendor/laravel/framework/src/Illuminate/Foundation/Application.php(851): Illuminate\Container\Container->resolve('Laravel\\Sail\\Co...', Array, true)
#10 /Applications/XAMPP/xamppfiles/htdocs/dasuns_dev/vendor/laravel/framework/src/Illuminate/Container/Container.php(694): Illuminate\Foundation\Application->resolve('Laravel\\Sail\\Co...', Array)
#11 /Applications/XAMPP/xamppfiles/htdocs/dasuns_dev/vendor/laravel/framework/src/Illuminate/Foundation/Application.php(836): Illuminate\Container\Container->make('Laravel\\Sail\\Co...', Array)
#12 /Applications/XAMPP/xamppfiles/htdocs/dasuns_dev/vendor/laravel/framework/src/Illuminate/Console/Application.php(262): Illuminate\Foundation\Application->make('Laravel\\Sail\\Co...')
#13 /Applications/XAMPP/xamppfiles/htdocs/dasuns_dev/vendor/laravel/framework/src/Illuminate/Console/Application.php(276): Illuminate\Console\Application->resolve('Laravel\\Sail\\Co...')
#14 /Applications/XAMPP/xamppfiles/htdocs/dasuns_dev/vendor/laravel/framework/src/Illuminate/Support/ServiceProvider.php(404): Illuminate\Console\Application->resolveCommands(Array)
#15 /Applications/XAMPP/xamppfiles/htdocs/dasuns_dev/vendor/laravel/framework/src/Illuminate/Console/Application.php(153): Illuminate\Support\ServiceProvider->Illuminate\Support\{closure}(Object(Illuminate\Console\Application))
#16 /Applications/XAMPP/xamppfiles/htdocs/dasuns_dev/vendor/laravel/framework/src/Illuminate/Console/Application.php(74): Illuminate\Console\Application->bootstrap()
#17 /Applications/XAMPP/xamppfiles/htdocs/dasuns_dev/vendor/laravel/framework/src/Illuminate/Foundation/Console/Kernel.php(330): Illuminate\Console\Application->__construct(Object(Illuminate\Foundation\Application), Object(Illuminate\Events\Dispatcher), '8.83.27')
#18 /Applications/XAMPP/xamppfiles/htdocs/dasuns_dev/vendor/laravel/framework/src/Illuminate/Foundation/Console/Kernel.php(129): Illuminate\Foundation\Console\Kernel->getArtisan()
#19 Command line code(1): Illuminate\Foundation\Console\Kernel->handle(Object(Symfony\Component\Console\Input\ArgvInput), Object(Symfony\Component\Console\Output\ConsoleOutput))
#20 {main} {"exception":"[object] (Symfony\\Component\\ErrorHandler\\Error\\FatalError(code: 0): During class fetch: Uncaught ErrorException: include(/Applications/XAMPP/xamppfiles/htdocs/dasuns_dev/vendor/composer/../laravel/sail/src/Console/Concerns/InteractsWithDockerComposeServices.php): Failed to open stream: No such file or directory in /Applications/XAMPP/xamppfiles/htdocs/dasuns_dev/vendor/composer/ClassLoader.php:578
Stack trace:
#0 /Applications/XAMPP/xamppfiles/htdocs/dasuns_dev/vendor/composer/ClassLoader.php(578): Illuminate\\Foundation\\Bootstrap\\HandleExceptions->handleError(2, 'include(/Applic...', '/Applications/X...', 578)
#1 /Applications/XAMPP/xamppfiles/htdocs/dasuns_dev/vendor/composer/ClassLoader.php(578): include()
#2 /Applications/XAMPP/xamppfiles/htdocs/dasuns_dev/vendor/composer/ClassLoader.php(432): Composer\\Autoload\\ClassLoader::Composer\\Autoload\\{closure}('/Applications/X...')
#3 /Applications/XAMPP/xamppfiles/htdocs/dasuns_dev/vendor/laravel/sail/src/Console/InstallCommand.php(9): Composer\\Autoload\\ClassLoader->loadClass('Laravel\\\\Sail\\\\Co...')
#4 /Applications/XAMPP/xamppfiles/htdocs/dasuns_dev/vendor/composer/ClassLoader.php(578): include('/Applications/X...')
#5 /Applications/XAMPP/xamppfiles/htdocs/dasuns_dev/vendor/composer/ClassLoader.php(432): Composer\\Autoload\\ClassLoader::Composer\\Autoload\\{closure}('/Applications/X...')
#6 [internal function]: Composer\\Autoload\\ClassLoader->loadClass('Laravel\\\\Sail\\\\Co...')
#7 /Applications/XAMPP/xamppfiles/htdocs/dasuns_dev/vendor/laravel/framework/src/Illuminate/Container/Container.php(877): ReflectionClass->__construct('Laravel\\\\Sail\\\\Co...')
#8 /Applications/XAMPP/xamppfiles/htdocs/dasuns_dev/vendor/laravel/framework/src/Illuminate/Container/Container.php(758): Illuminate\\Container\\Container->build('Laravel\\\\Sail\\\\Co...')
#9 /Applications/XAMPP/xamppfiles/htdocs/dasuns_dev/vendor/laravel/framework/src/Illuminate/Foundation/Application.php(851): Illuminate\\Container\\Container->resolve('Laravel\\\\Sail\\\\Co...', Array, true)
#10 /Applications/XAMPP/xamppfiles/htdocs/dasuns_dev/vendor/laravel/framework/src/Illuminate/Container/Container.php(694): Illuminate\\Foundation\\Application->resolve('Laravel\\\\Sail\\\\Co...', Array)
#11 /Applications/XAMPP/xamppfiles/htdocs/dasuns_dev/vendor/laravel/framework/src/Illuminate/Foundation/Application.php(836): Illuminate\\Container\\Container->make('Laravel\\\\Sail\\\\Co...', Array)
#12 /Applications/XAMPP/xamppfiles/htdocs/dasuns_dev/vendor/laravel/framework/src/Illuminate/Console/Application.php(262): Illuminate\\Foundation\\Application->make('Laravel\\\\Sail\\\\Co...')
#13 /Applications/XAMPP/xamppfiles/htdocs/dasuns_dev/vendor/laravel/framework/src/Illuminate/Console/Application.php(276): Illuminate\\Console\\Application->resolve('Laravel\\\\Sail\\\\Co...')
#14 /Applications/XAMPP/xamppfiles/htdocs/dasuns_dev/vendor/laravel/framework/src/Illuminate/Support/ServiceProvider.php(404): Illuminate\\Console\\Application->resolveCommands(Array)
#15 /Applications/XAMPP/xamppfiles/htdocs/dasuns_dev/vendor/laravel/framework/src/Illuminate/Console/Application.php(153): Illuminate\\Support\\ServiceProvider->Illuminate\\Support\\{closure}(Object(Illuminate\\Console\\Application))
#16 /Applications/XAMPP/xamppfiles/htdocs/dasuns_dev/vendor/laravel/framework/src/Illuminate/Console/Application.php(74): Illuminate\\Console\\Application->bootstrap()
#17 /Applications/XAMPP/xamppfiles/htdocs/dasuns_dev/vendor/laravel/framework/src/Illuminate/Foundation/Console/Kernel.php(330): Illuminate\\Console\\Application->__construct(Object(Illuminate\\Foundation\\Application), Object(Illuminate\\Events\\Dispatcher), '8.83.27')
#18 /Applications/XAMPP/xamppfiles/htdocs/dasuns_dev/vendor/laravel/framework/src/Illuminate/Foundation/Console/Kernel.php(129): Illuminate\\Foundation\\Console\\Kernel->getArtisan()
#19 Command line code(1): Illuminate\\Foundation\\Console\\Kernel->handle(Object(Symfony\\Component\\Console\\Input\\ArgvInput), Object(Symfony\\Component\\Console\\Output\\ConsoleOutput))
#20 {main} at /Applications/XAMPP/xamppfiles/htdocs/dasuns_dev/vendor/laravel/sail/src/Console/InstallCommand.php:9)
[stacktrace]
#0 {main}
"} 
